Commit Hash: 0cc0d0c1dcd118d39009349442793e64b8c13726
Thu Nov 21 08:39:56 PM +04 2024
=== System Information ===
CPU: AMD Ryzen 7 5800HS with Radeon Graphics
RAM: 15Gi
GPU: Advanced Micro Devices, Inc. [AMD/ATI] Cezanne [Radeon Vega Series / Radeon Vega Mobile Series] (rev c5)
Kernel version: 6.11.9-arch1-1
Linux distro: Arch Linux
Uptime: up 1 day, 5 hours, 43 minutes
Architecture: x86_64
System Load:  1.15
Disk Space: /dev/nvme0n1p6: 14% used, 687G available
/dev/nvme0n1p5: 19% used, 1022M available
Sensors: asus-isa-0000
Adapter: ISA adapter
cpu_fan:     3000 RPM

amdgpu-pci-0300
Adapter: PCI adapter
vddgfx:        1.32 V  
vddnb:       906.00 mV 
edge:         +53.0Â°C  
PPT:          16.00 W  

BAT0-acpi-0
Adapter: ACPI interface
in0:          11.88 V  
power1:        0.00 W  

mt7921_phy0-pci-0100
Adapter: PCI adapter
temp1:        +48.0Â°C  

k10temp-pci-00c3
Adapter: PCI adapter
Tctl:         +61.9Â°C  

nvme-pci-0200
Adapter: PCI adapter
Composite:    +31.9Â°C  (low  =  -0.1Â°C, high = +76.8Â°C)
                       (crit = +79.8Â°C)

acpitz-acpi-0
Adapter: ACPI interface
temp1:        +62.0Â°C  
=== End of System Information ===



=== Installation ===
[H[2J[3J[?1049h[22;0;0t[1;16r[4l[?25l(B[m[37m[40m[1;16r[H[2J[1;1H[97m[44m[K
[K
[K
[K
[K
[K
[K
[K
[K
[K
[K
[K
[K
[K
[K
[K[1;1H[5;56H[30m[47mâ”Œâ”€â”€â”€â”€â”€â”€â”€â”€â”€â”€â”€â”€â”€â”€â”€â”€â”€â”€â”€â”€â”€â”€â”€â”€â”€â”€â”€â”€â”€â”€â”€â”€â”€â”¤ [31mStart[30m â”œâ”€â”€â”€â”€â”€â”€â”€â”€â”€â”€â”€â”€â”€â”€â”€â”€â”€â”€â”€â”€â”€â”€â”€â”€â”€â”€â”€â”€â”€â”€â”€â”€â”€â”€â”[6;56Hâ”‚                                                                            â”‚[97m[40m [7;56H[30m[47mâ”‚ Welcome To Devlix WM!                                                      â”‚[97m[40m [8;56H[30m[47mâ”‚ Do you want to start the Devlix WM Installation?                           â”‚[97m[40m [9;56H[30m[47mâ”‚                                                                            â”‚[97m[40m [10;56H[30m[47mâ”‚                     [37m[41m<Yes>[30m[47m                        <No>                      â”‚[97m[40m [11;56H[30m[47mâ”‚                                                                            â”‚[97m[40m [12;56H[30m[47mâ””â”€â”€â”€â”€â”€â”€â”€â”€â”€â”€â”€â”€â”€â”€â”€â”€â”€â”€â”€â”€â”€â”€â”€â”€â”€â”€â”€â”€â”€â”€â”€â”€â”€â”€â”€â”€â”€â”€â”€â”€â”€â”€â”€â”€â”€â”€â”€â”€â”€â”€â”€â”€â”€â”€â”€â”€â”€â”€â”€â”€â”€â”€â”€â”€â”€â”€â”€â”€â”€â”€â”€â”€â”€â”€â”€â”€â”˜[97m[40m [13;57H                                                                              [10;79H[30m[47m<Yes>[24C[37m[41m<No>[10;108H[10;78H<Yes>[24C[30m[47m<No>[10;79H<Yes>[24C[37m[41m<No>[10;108H[10;78H<Yes>[24C[30m[47m<No>[10;79H<Yes>[24C[37m[41m<No>[10;108H[10;78H<Yes>[24C[30m[47m<No>[10;79H<Yes>[24C[37m[41m<No>[10;108H[10;78H<Yes>[24C[30m[47m<No>[10;79H<Yes>[24C[37m[41m<No>[10;108H[?12l[?25h[16;1H[40m(B[m[39;49m[K[?1049l[23;0;0t


=== End of Installation ===
